This file contains any messages produced by compilers while
running configure, to aid debugging if configure makes a mistake.

It was created by qmi-sdk configure 0.1, which was
generated by GNU Autoconf 2.69.  Invocation command line was

  $ ./configure --no-create --no-recursion

## --------- ##
## Platform. ##
## --------- ##

hostname = qiao-CN15S
uname -m = x86_64
uname -r = 5.8.0-48-generic
uname -s = Linux
uname -v = #54~20.04.1-Ubuntu SMP Sat Mar 20 13:40:25 UTC 2021

/usr/bin/uname -p = x86_64
/bin/uname -X     = unknown

/bin/arch              = x86_64
/usr/bin/arch -k       = unknown
/usr/convex/getsysinfo = unknown
/usr/bin/hostinfo      = unknown
/bin/machine           = unknown
/usr/bin/oslevel       = unknown
/bin/universe          = unknown

PATH: /usr/local/sbin
PATH: /usr/local/bin
PATH: /usr/sbin
PATH: /usr/bin
PATH: /sbin
PATH: /bin
PATH: /usr/games
PATH: /usr/local/games
PATH: /snap/bin


## ----------- ##
## Core tests. ##
## ----------- ##

configure:2397: checking for a BSD-compatible install
configure:2465: result: /usr/bin/install -c
configure:2476: checking whether build environment is sane
configure:2531: result: yes
configure:2680: checking for a thread-safe mkdir -p
configure:2719: result: /usr/bin/mkdir -p
configure:2726: checking for gawk
configure:2756: result: no
configure:2726: checking for mawk
configure:2742: found /usr/bin/mawk
configure:2753: result: mawk
configure:2764: checking whether make sets $(MAKE)
configure:2786: result: yes
configure:2815: checking whether make supports nested variables
configure:2832: result: yes
configure:2988: checking build system type
configure:3002: result: x86_64-unknown-linux-gnu
configure:3022: checking host system type
configure:3035: result: x86_64-unknown-linux-gnu
configure:3076: checking how to print strings
configure:3103: result: printf
configure:3128: checking whether make supports the include directive
configure:3143: make -f confmf.GNU && cat confinc.out
make[1]: Entering directory '/media/qiao/05e68544-248e-4a8b-a33b-a809f2526169/sm4350/svn/qmi_sdk/qmi-sdk-0.4'
make[1]: Leaving directory '/media/qiao/05e68544-248e-4a8b-a33b-a809f2526169/sm4350/svn/qmi_sdk/qmi-sdk-0.4'
this is the am__doit target
configure:3146: $? = 0
configure:3165: result: yes (GNU style)
configure:3235: checking for gcc
configure:3251: found /usr/bin/gcc
configure:3262: result: gcc
configure:3491: checking for C compiler version
configure:3500: gcc --version >&5
gcc (Ubuntu 9.3.0-17ubuntu1~20.04) 9.3.0
Copyright (C) 2019 Free Software Foundation, Inc.
This is free software; see the source for copying conditions.  There is NO
warranty; not even for MERCHANTABILITY or FITNESS FOR A PARTICULAR PURPOSE.

configure:3511: $? = 0
configure:3500: gcc -v >&5
Using built-in specs.
COLLECT_GCC=gcc
COLLECT_LTO_WRAPPER=/usr/lib/gcc/x86_64-linux-gnu/9/lto-wrapper
OFFLOAD_TARGET_NAMES=nvptx-none:hsa
OFFLOAD_TARGET_DEFAULT=1
Target: x86_64-linux-gnu
Configured with: ../src/configure -v --with-pkgversion='Ubuntu 9.3.0-17ubuntu1~20.04' --with-bugurl=file:///usr/share/doc/gcc-9/README.Bugs --enable-languages=c,ada,c++,go,brig,d,fortran,objc,obj-c++,gm2 --prefix=/usr --with-gcc-major-version-only --program-suffix=-9 --program-prefix=x86_64-linux-gnu- --enable-shared --enable-linker-build-id --libexecdir=/usr/lib --without-included-gettext --enable-threads=posix --libdir=/usr/lib --enable-nls --enable-clocale=gnu --enable-libstdcxx-debug --enable-libstdcxx-time=yes --with-default-libstdcxx-abi=new --enable-gnu-unique-object --disable-vtable-verify --enable-plugin --enable-default-pie --with-system-zlib --with-target-system-zlib=auto --enable-objc-gc=auto --enable-multiarch --disable-werror --with-arch-32=i686 --with-abi=m64 --with-multilib-list=m32,m64,mx32 --enable-multilib --with-tune=generic --enable-offload-targets=nvptx-none=/build/gcc-9-HskZEa/gcc-9-9.3.0/debian/tmp-nvptx/usr,hsa --without-cuda-driver --enable-checking=release --build=x86_64-linux-gnu --host=x86_64-linux-gnu --target=x86_64-linux-gnu
Thread model: posix
gcc version 9.3.0 (Ubuntu 9.3.0-17ubuntu1~20.04) 
configure:3511: $? = 0
configure:3500: gcc -V >&5
gcc: error: unrecognized command line option '-V'
gcc: fatal error: no input files
compilation terminated.
configure:3511: $? = 1
configure:3500: gcc -qversion >&5
gcc: error: unrecognized command line option '-qversion'; did you mean '--version'?
gcc: fatal error: no input files
compilation terminated.
configure:3511: $? = 1
configure:3531: checking whether the C compiler works
configure:3553: gcc    conftest.c  >&5
configure:3557: $? = 0
configure:3605: result: yes
configure:3608: checking for C compiler default output file name
configure:3610: result: a.out
configure:3616: checking for suffix of executables
configure:3623: gcc -o conftest    conftest.c  >&5
configure:3627: $? = 0
configure:3649: result: 
configure:3671: checking whether we are cross compiling
configure:3679: gcc -o conftest    conftest.c  >&5
configure:3683: $? = 0
configure:3690: ./conftest
configure:3694: $? = 0
configure:3682: result: no
configure:3687: checking for suffix of object files
configure:3709: gcc -c   conftest.c >&5
configure:3713: $? = 0
configure:3734: result: o
configure:3738: checking whether we are using the GNU C compiler
configure:3757: gcc -c   conftest.c >&5
configure:3757: $? = 0
configure:3766: result: yes
configure:3775: checking whether gcc accepts -g
configure:3795: gcc -c -g  conftest.c >&5
configure:3795: $? = 0
configure:3836: result: yes
configure:3853: checking for gcc option to accept ISO C89
configure:3916: gcc  -c -g -O2  conftest.c >&5
configure:3916: $? = 0
configure:3929: result: none needed
configure:3954: checking whether gcc understands -c and -o together
configure:3976: gcc -c conftest.c -o conftest2.o
configure:3979: $? = 0
configure:3976: gcc -c conftest.c -o conftest2.o
configure:3979: $? = 0
configure:3991: result: yes
configure:4010: checking dependency style of gcc
configure:4121: result: gcc3
configure:4136: checking for a sed that does not truncate output
configure:4200: result: /usr/bin/sed
configure:4218: checking for grep that handles long lines and -e
configure:4276: result: /usr/bin/grep
configure:4281: checking for egrep
configure:4343: result: /usr/bin/grep -E
configure:4348: checking for fgrep
configure:4410: result: /usr/bin/grep -F
configure:4445: checking for ld used by gcc
configure:4512: result: /usr/bin/ld
configure:4519: checking if the linker (/usr/bin/ld) is GNU ld
configure:4534: result: yes
configure:4546: checking for BSD- or MS-compatible name lister (nm)
configure:4600: result: /usr/bin/nm -B
configure:4730: checking the name lister (/usr/bin/nm -B) interface
configure:4737: gcc -c -g -O2  conftest.c >&5
configure:4740: /usr/bin/nm -B "conftest.o"
configure:4743: output
0000000000000000 B some_variable
configure:4744: result: BSD nm
configure:4747: checking whether ln -s works
configure:4751: result: yes
configure:4759: checking the maximum length of command line arguments
configure:4890: result: 1572864
configure:4938: checking how to convert x86_64-unknown-linux-gnu file names to x86_64-unknown-linux-gnu format
configure:4978: result: func_convert_file_noop
configure:4985: checking how to convert x86_64-unknown-linux-gnu file names to toolchain format
configure:5005: result: func_convert_file_noop
configure:5012: checking for /usr/bin/ld option to reload object files
configure:5019: result: -r
configure:5093: checking for objdump
configure:5109: found /usr/bin/objdump
configure:5120: result: objdump
configure:5152: checking how to recognize dependent libraries
configure:5352: result: pass_all
configure:5437: checking for dlltool
configure:5467: result: no
configure:5497: checking how to associate runtime and link libraries
configure:5524: result: printf %s\n
configure:5585: checking for ar
configure:5601: found /usr/bin/ar
configure:5612: result: ar
configure:5649: checking for archiver @FILE support
configure:5666: gcc -c -g -O2  conftest.c >&5
configure:5666: $? = 0
configure:5669: ar cr libconftest.a @conftest.lst >&5
configure:5672: $? = 0
configure:5677: ar cr libconftest.a @conftest.lst >&5
ar: conftest.o: No such file or directory
configure:5680: $? = 1
configure:5679: result: @
configure:5737: checking for strip
configure:5753: found /usr/bin/strip
configure:5764: result: strip
configure:5836: checking for ranlib
configure:5852: found /usr/bin/ranlib
configure:5863: result: ranlib
configure:5965: checking command to parse /usr/bin/nm -B output from gcc object
configure:6118: gcc -c -g -O2  conftest.c >&5
configure:6121: $? = 0
configure:6125: /usr/bin/nm -B conftest.o | sed -n -e 's/^.*[	 ]\([ABCDGIRSTW][ABCDGIRSTW]*\)[	 ][	 ]*\([_A-Za-z][_A-Za-z0-9]*\)$/\1 \2 \2/p' | sed '/ __gnu_lto/d' > conftest.nm
configure:6191: gcc -o conftest -g -O2   conftest.c conftstm.o >&5
configure:6194: $? = 0
configure:6232: result: ok
configure:6279: checking for sysroot
configure:6309: result: no
configure:6316: checking for a working dd
configure:6354: result: /usr/bin/dd
configure:6358: checking how to truncate binary pipes
configure:6373: result: /usr/bin/dd bs=4096 count=1
configure:6509: gcc -c -g -O2  conftest.c >&5
configure:6512: $? = 0
configure:6702: checking for mt
configure:6718: found /usr/bin/mt
configure:6729: result: mt
configure:6752: checking if mt is a manifest tool
configure:6758: mt '-?'
configure:6766: result: no
configure:7443: checking how to run the C preprocessor
configure:7474: gcc -E  conftest.c
configure:7474: $? = 0
configure:7488: gcc -E  conftest.c
conftest.c:11:10: fatal error: ac_nonexistent.h: No such file or directory
   11 | #include <ac_nonexistent.h>
      |          ^~~~~~~~~~~~~~~~~~
compilation terminated.
configure:7488: $? = 1
configure: failed program was:
| /* confdefs.h */
| #define PACKAGE_NAME "qmi-sdk"
| #define PACKAGE_TARNAME "qmi-sdk"
| #define PACKAGE_VERSION "0.1"
| #define PACKAGE_STRING "qmi-sdk 0.1"
| #define PACKAGE_BUGREPORT "songchenglin@longsung.com"
| #define PACKAGE_URL ""
| #define PACKAGE "qmi-sdk"
| #define VERSION "0.1"
| /* end confdefs.h.  */
| #include <ac_nonexistent.h>
configure:7513: result: gcc -E
configure:7533: gcc -E  conftest.c
configure:7533: $? = 0
configure:7547: gcc -E  conftest.c
conftest.c:11:10: fatal error: ac_nonexistent.h: No such file or directory
   11 | #include <ac_nonexistent.h>
      |          ^~~~~~~~~~~~~~~~~~
compilation terminated.
configure:7547: $? = 1
configure: failed program was:
| /* confdefs.h */
| #define PACKAGE_NAME "qmi-sdk"
| #define PACKAGE_TARNAME "qmi-sdk"
| #define PACKAGE_VERSION "0.1"
| #define PACKAGE_STRING "qmi-sdk 0.1"
| #define PACKAGE_BUGREPORT "songchenglin@longsung.com"
| #define PACKAGE_URL ""
| #define PACKAGE "qmi-sdk"
| #define VERSION "0.1"
| /* end confdefs.h.  */
| #include <ac_nonexistent.h>
configure:7576: checking for ANSI C header files
configure:7596: gcc -c -g -O2  conftest.c >&5
configure:7596: $? = 0
configure:7669: gcc -o conftest -g -O2   conftest.c  >&5
configure:7669: $? = 0
configure:7669: ./conftest
configure:7669: $? = 0
configure:7680: result: yes
configure:7693: checking for sys/types.h
configure:7693: gcc -c -g -O2  conftest.c >&5
configure:7693: $? = 0
configure:7693: result: yes
configure:7693: checking for sys/stat.h
configure:7693: gcc -c -g -O2  conftest.c >&5
configure:7693: $? = 0
configure:7693: result: yes
configure:7693: checking for stdlib.h
configure:7693: gcc -c -g -O2  conftest.c >&5
configure:7693: $? = 0
configure:7693: result: yes
configure:7693: checking for string.h
configure:7693: gcc -c -g -O2  conftest.c >&5
configure:7693: $? = 0
configure:7693: result: yes
configure:7693: checking for memory.h
configure:7693: gcc -c -g -O2  conftest.c >&5
configure:7693: $? = 0
configure:7693: result: yes
configure:7693: checking for strings.h
configure:7693: gcc -c -g -O2  conftest.c >&5
configure:7693: $? = 0
configure:7693: result: yes
configure:7693: checking for inttypes.h
configure:7693: gcc -c -g -O2  conftest.c >&5
configure:7693: $? = 0
configure:7693: result: yes
configure:7693: checking for stdint.h
configure:7693: gcc -c -g -O2  conftest.c >&5
configure:7693: $? = 0
configure:7693: result: yes
configure:7693: checking for unistd.h
configure:7693: gcc -c -g -O2  conftest.c >&5
configure:7693: $? = 0
configure:7693: result: yes
configure:7707: checking for dlfcn.h
configure:7707: gcc -c -g -O2  conftest.c >&5
configure:7707: $? = 0
configure:7707: result: yes
configure:7963: checking for objdir
configure:7978: result: .libs
configure:8242: checking if gcc supports -fno-rtti -fno-exceptions
configure:8260: gcc -c -g -O2  -fno-rtti -fno-exceptions conftest.c >&5
cc1: warning: command line option '-fno-rtti' is valid for C++/D/ObjC++ but not for C
configure:8264: $? = 0
configure:8277: result: no
configure:8641: checking for gcc option to produce PIC
configure:8648: result: -fPIC -DPIC
configure:8656: checking if gcc PIC flag -fPIC -DPIC works
configure:8674: gcc -c -g -O2  -fPIC -DPIC -DPIC conftest.c >&5
configure:8678: $? = 0
configure:8691: result: yes
configure:8720: checking if gcc static flag -static works
configure:8748: result: yes
configure:8763: checking if gcc supports -c -o file.o
configure:8784: gcc -c -g -O2  -o out/conftest2.o conftest.c >&5
configure:8788: $? = 0
configure:8810: result: yes
configure:8818: checking if gcc supports -c -o file.o
configure:8865: result: yes
configure:8898: checking whether the gcc linker (/usr/bin/ld -m elf_x86_64) supports shared libraries
configure:10161: result: yes
configure:10198: checking whether -lc should be explicitly linked in
configure:10206: gcc -c -g -O2  conftest.c >&5
configure:10209: $? = 0
configure:10224: gcc -shared  -fPIC -DPIC conftest.o  -v -Wl,-soname -Wl,conftest -o conftest 2\>\&1 \| /usr/bin/grep  -lc  \>/dev/null 2\>\&1
configure:10227: $? = 0
configure:10241: result: no
configure:10401: checking dynamic linker characteristics
configure:10982: gcc -o conftest -g -O2   -Wl,-rpath -Wl,/foo conftest.c  >&5
configure:10982: $? = 0
configure:11231: result: GNU/Linux ld.so
configure:11353: checking how to hardcode library paths into programs
configure:11378: result: immediate
configure:11926: checking whether stripping libraries is possible
configure:11931: result: yes
configure:11966: checking if libtool supports shared libraries
configure:11968: result: yes
configure:11971: checking whether to build shared libraries
configure:11996: result: yes
configure:11999: checking whether to build static libraries
configure:12003: result: yes
configure:8867: checking for gcc
configure:8894: result: gcc
configure:9123: checking for C compiler version
configure:9132: gcc --version >&5
gcc (Ubuntu 9.3.0-17ubuntu1~20.04) 9.3.0
Copyright (C) 2019 Free Software Foundation, Inc.
This is free software; see the source for copying conditions.  There is NO
warranty; not even for MERCHANTABILITY or FITNESS FOR A PARTICULAR PURPOSE.

configure:9143: $? = 0
configure:9132: gcc -v >&5
Using built-in specs.
COLLECT_GCC=gcc
COLLECT_LTO_WRAPPER=/usr/lib/gcc/x86_64-linux-gnu/9/lto-wrapper
OFFLOAD_TARGET_NAMES=nvptx-none:hsa
OFFLOAD_TARGET_DEFAULT=1
Target: x86_64-linux-gnu
Configured with: ../src/configure -v --with-pkgversion='Ubuntu 9.3.0-17ubuntu1~20.04' --with-bugurl=file:///usr/share/doc/gcc-9/README.Bugs --enable-languages=c,ada,c++,go,brig,d,fortran,objc,obj-c++,gm2 --prefix=/usr --with-gcc-major-version-only --program-suffix=-9 --program-prefix=x86_64-linux-gnu- --enable-shared --enable-linker-build-id --libexecdir=/usr/lib --without-included-gettext --enable-threads=posix --libdir=/usr/lib --enable-nls --enable-clocale=gnu --enable-libstdcxx-debug --enable-libstdcxx-time=yes --with-default-libstdcxx-abi=new --enable-gnu-unique-object --disable-vtable-verify --enable-plugin --enable-default-pie --with-system-zlib --with-target-system-zlib=auto --enable-objc-gc=auto --enable-multiarch --disable-werror --with-arch-32=i686 --with-abi=m64 --with-multilib-list=m32,m64,mx32 --enable-multilib --with-tune=generic --enable-offload-targets=nvptx-none=/build/gcc-9-HskZEa/gcc-9-9.3.0/debian/tmp-nvptx/usr,hsa --without-cuda-driver --enable-checking=release --build=x86_64-linux-gnu --host=x86_64-linux-gnu --target=x86_64-linux-gnu
Thread model: posix
gcc version 9.3.0 (Ubuntu 9.3.0-17ubuntu1~20.04) 
configure:9143: $? = 0
configure:9132: gcc -V >&5
gcc: error: unrecognized command line option '-V'
gcc: fatal error: no input files
compilation terminated.
configure:9143: $? = 1
configure:9132: gcc -qversion >&5
gcc: error: unrecognized command line option '-qversion'; did you mean '--version'?
gcc: fatal error: no input files
compilation terminated.
configure:9143: $? = 1
configure:9147: checking whether we are using the GNU C compiler
configure:9175: result: yes
configure:9184: checking whether gcc accepts -g
configure:9245: result: yes
configure:9262: checking for gcc option to accept ISO C89
configure:9338: result: none needed
configure:9363: checking whether gcc understands -c and -o together
configure:9400: result: yes
configure:9419: checking dependency style of gcc
configure:9530: result: gcc3
configure:9588: checking for ranlib
configure:9615: result: ranlib
configure:9646: checking fcntl.h usability
configure:9646: gcc -c -g -O2  conftest.c >&5
configure:9646: $? = 0
configure:9646: result: yes
configure:9646: checking fcntl.h presence
configure:9646: gcc -E  conftest.c
configure:9646: $? = 0
configure:9646: result: yes
configure:9646: checking for fcntl.h
configure:9646: result: yes
configure:9646: checking netinet/in.h usability
configure:9646: gcc -c -g -O2  conftest.c >&5
configure:9646: $? = 0
configure:9646: result: yes
configure:9646: checking netinet/in.h presence
configure:9646: gcc -E  conftest.c
configure:9646: $? = 0
configure:9646: result: yes
configure:9646: checking for netinet/in.h
configure:9646: result: yes
configure:9646: checking for stdint.h
configure:9646: result: yes
configure:9646: checking for stdlib.h
configure:9646: result: yes
configure:9646: checking for string.h
configure:9646: result: yes
configure:9646: checking sys/socket.h usability
configure:9646: gcc -c -g -O2  conftest.c >&5
configure:9646: $? = 0
configure:9646: result: yes
configure:9646: checking sys/socket.h presence
configure:9646: gcc -E  conftest.c
configure:9646: $? = 0
configure:9646: result: yes
configure:9646: checking for sys/socket.h
configure:9646: result: yes
configure:9646: checking sys/time.h usability
configure:9646: gcc -c -g -O2  conftest.c >&5
configure:9646: $? = 0
configure:9646: result: yes
configure:9646: checking sys/time.h presence
configure:9646: gcc -E  conftest.c
configure:9646: $? = 0
configure:9646: result: yes
configure:9646: checking for sys/time.h
configure:9646: result: yes
configure:9646: checking for unistd.h
configure:9646: result: yes
configure:9658: checking for inline
configure:9674: gcc -c -g -O2  conftest.c >&5
configure:9674: $? = 0
configure:9682: result: inline
configure:9700: checking for int16_t
configure:9700: gcc -c -g -O2  conftest.c >&5
configure:9700: $? = 0
configure:9700: gcc -c -g -O2  conftest.c >&5
conftest.c: In function 'main':
conftest.c:68:12: error: size of array 'test_array' is negative
   68 | static int test_array [1 - 2 * !((int16_t) (((((int16_t) 1 << N) << N) - 1) * 2 + 1)
      |            ^~~~~~~~~~
configure:9700: $? = 1
configure: failed program was:
| /* confdefs.h */
| #define PACKAGE_NAME "qmi-sdk"
| #define PACKAGE_TARNAME "qmi-sdk"
| #define PACKAGE_VERSION "0.1"
| #define PACKAGE_STRING "qmi-sdk 0.1"
| #define PACKAGE_BUGREPORT "songchenglin@longsung.com"
| #define PACKAGE_URL ""
| #define PACKAGE "qmi-sdk"
| #define VERSION "0.1"
| #define STDC_HEADERS 1
| #define HAVE_SYS_TYPES_H 1
| #define HAVE_SYS_STAT_H 1
| #define HAVE_STDLIB_H 1
| #define HAVE_STRING_H 1
| #define HAVE_MEMORY_H 1
| #define HAVE_STRINGS_H 1
| #define HAVE_INTTYPES_H 1
| #define HAVE_STDINT_H 1
| #define HAVE_UNISTD_H 1
| #define HAVE_DLFCN_H 1
| #define LT_OBJDIR ".libs/"
| #define HAVE_FCNTL_H 1
| #define HAVE_NETINET_IN_H 1
| #define HAVE_STDINT_H 1
| #define HAVE_STDLIB_H 1
| #define HAVE_STRING_H 1
| #define HAVE_SYS_SOCKET_H 1
| #define HAVE_SYS_TIME_H 1
| #define HAVE_UNISTD_H 1
| /* end confdefs.h.  */
| #include <stdio.h>
| #ifdef HAVE_SYS_TYPES_H
| # include <sys/types.h>
| #endif
| #ifdef HAVE_SYS_STAT_H
| # include <sys/stat.h>
| #endif
| #ifdef STDC_HEADERS
| # include <stdlib.h>
| # include <stddef.h>
| #else
| # ifdef HAVE_STDLIB_H
| #  include <stdlib.h>
| # endif
| #endif
| #ifdef HAVE_STRING_H
| # if !defined STDC_HEADERS && defined HAVE_MEMORY_H
| #  include <memory.h>
| # endif
| # include <string.h>
| #endif
| #ifdef HAVE_STRINGS_H
| # include <strings.h>
| #endif
| #ifdef HAVE_INTTYPES_H
| # include <inttypes.h>
| #endif
| #ifdef HAVE_STDINT_H
| # include <stdint.h>
| #endif
| #ifdef HAVE_UNISTD_H
| # include <unistd.h>
| #endif
| 	        enum { N = 16 / 2 - 1 };
| int
| main ()
| {
| static int test_array [1 - 2 * !((int16_t) (((((int16_t) 1 << N) << N) - 1) * 2 + 1)
| 		 < (int16_t) (((((int16_t) 1 << N) << N) - 1) * 2 + 2))];
| test_array [0] = 0;
| return test_array [0];
| 
|   ;
|   return 0;
| }
configure:9700: result: yes
configure:9711: checking for int32_t
configure:9711: gcc -c -g -O2  conftest.c >&5
configure:9711: $? = 0
configure:9711: gcc -c -g -O2  conftest.c >&5
conftest.c: In function 'main':
conftest.c:69:53: warning: integer overflow in expression of type 'int' results in '-2147483648' [-Woverflow]
   69 |    < (int32_t) (((((int32_t) 1 << N) << N) - 1) * 2 + 2))];
      |                                                     ^
conftest.c:68:12: error: storage size of 'test_array' isn't constant
   68 | static int test_array [1 - 2 * !((int32_t) (((((int32_t) 1 << N) << N) - 1) * 2 + 1)
      |            ^~~~~~~~~~
configure:9711: $? = 1
configure: failed program was:
| /* confdefs.h */
| #define PACKAGE_NAME "qmi-sdk"
| #define PACKAGE_TARNAME "qmi-sdk"
| #define PACKAGE_VERSION "0.1"
| #define PACKAGE_STRING "qmi-sdk 0.1"
| #define PACKAGE_BUGREPORT "songchenglin@longsung.com"
| #define PACKAGE_URL ""
| #define PACKAGE "qmi-sdk"
| #define VERSION "0.1"
| #define STDC_HEADERS 1
| #define HAVE_SYS_TYPES_H 1
| #define HAVE_SYS_STAT_H 1
| #define HAVE_STDLIB_H 1
| #define HAVE_STRING_H 1
| #define HAVE_MEMORY_H 1
| #define HAVE_STRINGS_H 1
| #define HAVE_INTTYPES_H 1
| #define HAVE_STDINT_H 1
| #define HAVE_UNISTD_H 1
| #define HAVE_DLFCN_H 1
| #define LT_OBJDIR ".libs/"
| #define HAVE_FCNTL_H 1
| #define HAVE_NETINET_IN_H 1
| #define HAVE_STDINT_H 1
| #define HAVE_STDLIB_H 1
| #define HAVE_STRING_H 1
| #define HAVE_SYS_SOCKET_H 1
| #define HAVE_SYS_TIME_H 1
| #define HAVE_UNISTD_H 1
| /* end confdefs.h.  */
| #include <stdio.h>
| #ifdef HAVE_SYS_TYPES_H
| # include <sys/types.h>
| #endif
| #ifdef HAVE_SYS_STAT_H
| # include <sys/stat.h>
| #endif
| #ifdef STDC_HEADERS
| # include <stdlib.h>
| # include <stddef.h>
| #else
| # ifdef HAVE_STDLIB_H
| #  include <stdlib.h>
| # endif
| #endif
| #ifdef HAVE_STRING_H
| # if !defined STDC_HEADERS && defined HAVE_MEMORY_H
| #  include <memory.h>
| # endif
| # include <string.h>
| #endif
| #ifdef HAVE_STRINGS_H
| # include <strings.h>
| #endif
| #ifdef HAVE_INTTYPES_H
| # include <inttypes.h>
| #endif
| #ifdef HAVE_STDINT_H
| # include <stdint.h>
| #endif
| #ifdef HAVE_UNISTD_H
| # include <unistd.h>
| #endif
| 	        enum { N = 32 / 2 - 1 };
| int
| main ()
| {
| static int test_array [1 - 2 * !((int32_t) (((((int32_t) 1 << N) << N) - 1) * 2 + 1)
| 		 < (int32_t) (((((int32_t) 1 << N) << N) - 1) * 2 + 2))];
| test_array [0] = 0;
| return test_array [0];
| 
|   ;
|   return 0;
| }
configure:9711: result: yes
configure:9722: checking for int8_t
configure:9722: gcc -c -g -O2  conftest.c >&5
configure:9722: $? = 0
configure:9722: gcc -c -g -O2  conftest.c >&5
conftest.c: In function 'main':
conftest.c:68:12: error: size of array 'test_array' is negative
   68 | static int test_array [1 - 2 * !((int8_t) (((((int8_t) 1 << N) << N) - 1) * 2 + 1)
      |            ^~~~~~~~~~
configure:9722: $? = 1
configure: failed program was:
| /* confdefs.h */
| #define PACKAGE_NAME "qmi-sdk"
| #define PACKAGE_TARNAME "qmi-sdk"
| #define PACKAGE_VERSION "0.1"
| #define PACKAGE_STRING "qmi-sdk 0.1"
| #define PACKAGE_BUGREPORT "songchenglin@longsung.com"
| #define PACKAGE_URL ""
| #define PACKAGE "qmi-sdk"
| #define VERSION "0.1"
| #define STDC_HEADERS 1
| #define HAVE_SYS_TYPES_H 1
| #define HAVE_SYS_STAT_H 1
| #define HAVE_STDLIB_H 1
| #define HAVE_STRING_H 1
| #define HAVE_MEMORY_H 1
| #define HAVE_STRINGS_H 1
| #define HAVE_INTTYPES_H 1
| #define HAVE_STDINT_H 1
| #define HAVE_UNISTD_H 1
| #define HAVE_DLFCN_H 1
| #define LT_OBJDIR ".libs/"
| #define HAVE_FCNTL_H 1
| #define HAVE_NETINET_IN_H 1
| #define HAVE_STDINT_H 1
| #define HAVE_STDLIB_H 1
| #define HAVE_STRING_H 1
| #define HAVE_SYS_SOCKET_H 1
| #define HAVE_SYS_TIME_H 1
| #define HAVE_UNISTD_H 1
| /* end confdefs.h.  */
| #include <stdio.h>
| #ifdef HAVE_SYS_TYPES_H
| # include <sys/types.h>
| #endif
| #ifdef HAVE_SYS_STAT_H
| # include <sys/stat.h>
| #endif
| #ifdef STDC_HEADERS
| # include <stdlib.h>
| # include <stddef.h>
| #else
| # ifdef HAVE_STDLIB_H
| #  include <stdlib.h>
| # endif
| #endif
| #ifdef HAVE_STRING_H
| # if !defined STDC_HEADERS && defined HAVE_MEMORY_H
| #  include <memory.h>
| # endif
| # include <string.h>
| #endif
| #ifdef HAVE_STRINGS_H
| # include <strings.h>
| #endif
| #ifdef HAVE_INTTYPES_H
| # include <inttypes.h>
| #endif
| #ifdef HAVE_STDINT_H
| # include <stdint.h>
| #endif
| #ifdef HAVE_UNISTD_H
| # include <unistd.h>
| #endif
| 	        enum { N = 8 / 2 - 1 };
| int
| main ()
| {
| static int test_array [1 - 2 * !((int8_t) (((((int8_t) 1 << N) << N) - 1) * 2 + 1)
| 		 < (int8_t) (((((int8_t) 1 << N) << N) - 1) * 2 + 2))];
| test_array [0] = 0;
| return test_array [0];
| 
|   ;
|   return 0;
| }
configure:9722: result: yes
configure:9733: checking for uint16_t
configure:9733: gcc -c -g -O2  conftest.c >&5
configure:9733: $? = 0
configure:9733: result: yes
configure:9745: checking for uint32_t
configure:9745: gcc -c -g -O2  conftest.c >&5
configure:9745: $? = 0
configure:9745: result: yes
configure:9759: checking for uint64_t
configure:9759: gcc -c -g -O2  conftest.c >&5
configure:9759: $? = 0
configure:9759: result: yes
configure:9773: checking for uint8_t
configure:9773: gcc -c -g -O2  conftest.c >&5
configure:9773: $? = 0
configure:9773: result: yes
configure:9931: checking that generated files are newer than configure
configure:9937: result: done
configure:9964: creating ./config.status

## ---------------- ##
## Cache variables. ##
## ---------------- ##

ac_cv_build=x86_64-unknown-linux-gnu
ac_cv_c_compiler_gnu=yes
ac_cv_c_inline=inline
ac_cv_c_int16_t=yes
ac_cv_c_int32_t=yes
ac_cv_c_int8_t=yes
ac_cv_c_uint16_t=yes
ac_cv_c_uint32_t=yes
ac_cv_c_uint64_t=yes
ac_cv_c_uint8_t=yes
ac_cv_env_CC_set=
ac_cv_env_CC_value=
ac_cv_env_CFLAGS_set=
ac_cv_env_CFLAGS_value=
ac_cv_env_CPPFLAGS_set=
ac_cv_env_CPPFLAGS_value=
ac_cv_env_CPP_set=
ac_cv_env_CPP_value=
ac_cv_env_LDFLAGS_set=
ac_cv_env_LDFLAGS_value=
ac_cv_env_LIBS_set=
ac_cv_env_LIBS_value=
ac_cv_env_LT_SYS_LIBRARY_PATH_set=
ac_cv_env_LT_SYS_LIBRARY_PATH_value=
ac_cv_env_build_alias_set=
ac_cv_env_build_alias_value=
ac_cv_env_host_alias_set=
ac_cv_env_host_alias_value=
ac_cv_env_target_alias_set=
ac_cv_env_target_alias_value=
ac_cv_header_dlfcn_h=yes
ac_cv_header_fcntl_h=yes
ac_cv_header_inttypes_h=yes
ac_cv_header_memory_h=yes
ac_cv_header_netinet_in_h=yes
ac_cv_header_stdc=yes
ac_cv_header_stdint_h=yes
ac_cv_header_stdlib_h=yes
ac_cv_header_string_h=yes
ac_cv_header_strings_h=yes
ac_cv_header_sys_socket_h=yes
ac_cv_header_sys_stat_h=yes
ac_cv_header_sys_time_h=yes
ac_cv_header_sys_types_h=yes
ac_cv_header_unistd_h=yes
ac_cv_host=x86_64-unknown-linux-gnu
ac_cv_objext=o
ac_cv_path_EGREP='/usr/bin/grep -E'
ac_cv_path_FGREP='/usr/bin/grep -F'
ac_cv_path_GREP=/usr/bin/grep
ac_cv_path_SED=/usr/bin/sed
ac_cv_path_install='/usr/bin/install -c'
ac_cv_path_lt_DD=/usr/bin/dd
ac_cv_path_mkdir=/usr/bin/mkdir
ac_cv_prog_AWK=mawk
ac_cv_prog_CPP='gcc -E'
ac_cv_prog_ac_ct_AR=ar
ac_cv_prog_ac_ct_CC=gcc
ac_cv_prog_ac_ct_MANIFEST_TOOL=mt
ac_cv_prog_ac_ct_OBJDUMP=objdump
ac_cv_prog_ac_ct_RANLIB=ranlib
ac_cv_prog_ac_ct_STRIP=strip
ac_cv_prog_cc_c89=
ac_cv_prog_cc_g=yes
ac_cv_prog_make_make_set=yes
am_cv_CC_dependencies_compiler_type=gcc3
am_cv_make_support_nested_variables=yes
am_cv_prog_cc_c_o=yes
lt_cv_ar_at_file=@
lt_cv_archive_cmds_need_lc=no
lt_cv_deplibs_check_method=pass_all
lt_cv_file_magic_cmd='$MAGIC_CMD'
lt_cv_file_magic_test_file=
lt_cv_ld_reload_flag=-r
lt_cv_nm_interface='BSD nm'
lt_cv_objdir=.libs
lt_cv_path_LD=/usr/bin/ld
lt_cv_path_NM='/usr/bin/nm -B'
lt_cv_path_mainfest_tool=no
lt_cv_prog_compiler_c_o=yes
lt_cv_prog_compiler_pic='-fPIC -DPIC'
lt_cv_prog_compiler_pic_works=yes
lt_cv_prog_compiler_rtti_exceptions=no
lt_cv_prog_compiler_static_works=yes
lt_cv_prog_gnu_ld=yes
lt_cv_sharedlib_from_linklib_cmd='printf %s\n'
lt_cv_shlibpath_overrides_runpath=yes
lt_cv_sys_global_symbol_pipe='sed -n -e '\''s/^.*[	 ]\([ABCDGIRSTW][ABCDGIRSTW]*\)[	 ][	 ]*\([_A-Za-z][_A-Za-z0-9]*\)$/\1 \2 \2/p'\'' | sed '\''/ __gnu_lto/d'\'''
lt_cv_sys_global_symbol_to_c_name_address='sed -n -e '\''s/^: \(.*\) .*$/  {"\1", (void *) 0},/p'\'' -e '\''s/^[ABCDGIRSTW][ABCDGIRSTW]* .* \(.*\)$/  {"\1", (void *) \&\1},/p'\'''
lt_cv_sys_global_symbol_to_c_name_address_lib_prefix='sed -n -e '\''s/^: \(.*\) .*$/  {"\1", (void *) 0},/p'\'' -e '\''s/^[ABCDGIRSTW][ABCDGIRSTW]* .* \(lib.*\)$/  {"\1", (void *) \&\1},/p'\'' -e '\''s/^[ABCDGIRSTW][ABCDGIRSTW]* .* \(.*\)$/  {"lib\1", (void *) \&\1},/p'\'''
lt_cv_sys_global_symbol_to_cdecl='sed -n -e '\''s/^T .* \(.*\)$/extern int \1();/p'\'' -e '\''s/^[ABCDGIRSTW][ABCDGIRSTW]* .* \(.*\)$/extern char \1;/p'\'''
lt_cv_sys_global_symbol_to_import=
lt_cv_sys_max_cmd_len=1572864
lt_cv_to_host_file_cmd=func_convert_file_noop
lt_cv_to_tool_file_cmd=func_convert_file_noop
lt_cv_truncate_bin='/usr/bin/dd bs=4096 count=1'

## ----------------- ##
## Output variables. ##
## ----------------- ##

ACLOCAL='${SHELL} /media/qiao/05e68544-248e-4a8b-a33b-a809f2526169/sm4350/svn/qmi_sdk/qmi-sdk-0.4/build-aux/missing aclocal-1.16'
AMDEPBACKSLASH='\'
AMDEP_FALSE='#'
AMDEP_TRUE=''
AMTAR='$${TAR-tar}'
AM_BACKSLASH='\'
AM_DEFAULT_V='$(AM_DEFAULT_VERBOSITY)'
AM_DEFAULT_VERBOSITY='1'
AM_V='$(V)'
AR='ar'
AUTOCONF='${SHELL} /media/qiao/05e68544-248e-4a8b-a33b-a809f2526169/sm4350/svn/qmi_sdk/qmi-sdk-0.4/build-aux/missing autoconf'
AUTOHEADER='${SHELL} /media/qiao/05e68544-248e-4a8b-a33b-a809f2526169/sm4350/svn/qmi_sdk/qmi-sdk-0.4/build-aux/missing autoheader'
AUTOMAKE='${SHELL} /media/qiao/05e68544-248e-4a8b-a33b-a809f2526169/sm4350/svn/qmi_sdk/qmi-sdk-0.4/build-aux/missing automake-1.16'
AWK='mawk'
CC='gcc'
CCDEPMODE='depmode=gcc3'
CFLAGS='-g -O2'
CPP='gcc -E'
CPPFLAGS=''
CYGPATH_W='echo'
DEFS='-DPACKAGE_NAME=\"qmi-sdk\" -DPACKAGE_TARNAME=\"qmi-sdk\" -DPACKAGE_VERSION=\"0.1\" -DPACKAGE_STRING=\"qmi-sdk\ 0.1\" -DPACKAGE_BUGREPORT=\"songchenglin@longsung.com\" -DPACKAGE_URL=\"\" -DPACKAGE=\"qmi-sdk\" -DVERSION=\"0.1\" -DSTDC_HEADERS=1 -DHAVE_SYS_TYPES_H=1 -DHAVE_SYS_STAT_H=1 -DHAVE_STDLIB_H=1 -DHAVE_STRING_H=1 -DHAVE_MEMORY_H=1 -DHAVE_STRINGS_H=1 -DHAVE_INTTYPES_H=1 -DHAVE_STDINT_H=1 -DHAVE_UNISTD_H=1 -DHAVE_DLFCN_H=1 -DLT_OBJDIR=\".libs/\" -DHAVE_FCNTL_H=1 -DHAVE_NETINET_IN_H=1 -DHAVE_STDINT_H=1 -DHAVE_STDLIB_H=1 -DHAVE_STRING_H=1 -DHAVE_SYS_SOCKET_H=1 -DHAVE_SYS_TIME_H=1 -DHAVE_UNISTD_H=1'
DEPDIR='.deps'
DLLTOOL='false'
DSYMUTIL=''
DUMPBIN=''
ECHO_C=''
ECHO_N='-n'
ECHO_T=''
EGREP='/usr/bin/grep -E'
EXEEXT=''
FGREP='/usr/bin/grep -F'
GREP='/usr/bin/grep'
INSTALL_DATA='${INSTALL} -m 644'
INSTALL_PROGRAM='${INSTALL}'
INSTALL_SCRIPT='${INSTALL}'
INSTALL_STRIP_PROGRAM='$(install_sh) -c -s'
LD='/usr/bin/ld -m elf_x86_64'
LDFLAGS=''
LIBOBJS=''
LIBS=''
LIBTOOL='$(SHELL) $(top_builddir)/libtool'
LIPO=''
LN_S='ln -s'
LTLIBOBJS=''
LT_SYS_LIBRARY_PATH=''
MAKEINFO='${SHELL} /media/qiao/05e68544-248e-4a8b-a33b-a809f2526169/sm4350/svn/qmi_sdk/qmi-sdk-0.4/build-aux/missing makeinfo'
MANIFEST_TOOL=':'
MKDIR_P='/usr/bin/mkdir -p'
NM='/usr/bin/nm -B'
NMEDIT=''
OBJDUMP='objdump'
OBJEXT='o'
OTOOL64=''
OTOOL=''
PACKAGE='qmi-sdk'
PACKAGE_BUGREPORT='songchenglin@longsung.com'
PACKAGE_NAME='qmi-sdk'
PACKAGE_STRING='qmi-sdk 0.1'
PACKAGE_TARNAME='qmi-sdk'
PACKAGE_URL=''
PACKAGE_VERSION='0.1'
PATH_SEPARATOR=':'
RANLIB='ranlib'
SED='/usr/bin/sed'
SET_MAKE=''
SHELL='/bin/bash'
STRIP='strip'
VERSION='0.1'
ac_ct_AR='ar'
ac_ct_CC='gcc'
ac_ct_DUMPBIN=''
am__EXEEXT_FALSE=''
am__EXEEXT_TRUE='#'
am__fastdepCC_FALSE='#'
am__fastdepCC_TRUE=''
am__include='include'
am__isrc=''
am__leading_dot='.'
am__nodep='_no'
am__quote=''
am__tar='$${TAR-tar} chof - "$$tardir"'
am__untar='$${TAR-tar} xf -'
bindir='${exec_prefix}/bin'
build='x86_64-unknown-linux-gnu'
build_alias=''
build_cpu='x86_64'
build_os='linux-gnu'
build_vendor='unknown'
datadir='${datarootdir}'
datarootdir='${prefix}/share'
docdir='${datarootdir}/doc/${PACKAGE_TARNAME}'
dvidir='${docdir}'
exec_prefix='${prefix}'
host='x86_64-unknown-linux-gnu'
host_alias=''
host_cpu='x86_64'
host_os='linux-gnu'
host_vendor='unknown'
htmldir='${docdir}'
includedir='${prefix}/include'
infodir='${datarootdir}/info'
install_sh='${SHELL} /media/qiao/05e68544-248e-4a8b-a33b-a809f2526169/sm4350/svn/qmi_sdk/qmi-sdk-0.4/build-aux/install-sh'
libdir='${exec_prefix}/lib'
libexecdir='${exec_prefix}/libexec'
localedir='${datarootdir}/locale'
localstatedir='${prefix}/var'
mandir='${datarootdir}/man'
mkdir_p='$(MKDIR_P)'
oldincludedir='/usr/include'
pdfdir='${docdir}'
prefix='/usr/local'
program_transform_name='s,x,x,'
psdir='${docdir}'
runstatedir='${localstatedir}/run'
sbindir='${exec_prefix}/sbin'
sharedstatedir='${prefix}/com'
sysconfdir='${prefix}/etc'
target_alias=''

## ----------- ##
## confdefs.h. ##
## ----------- ##

/* confdefs.h */
#define PACKAGE_NAME "qmi-sdk"
#define PACKAGE_TARNAME "qmi-sdk"
#define PACKAGE_VERSION "0.1"
#define PACKAGE_STRING "qmi-sdk 0.1"
#define PACKAGE_BUGREPORT "songchenglin@longsung.com"
#define PACKAGE_URL ""
#define PACKAGE "qmi-sdk"
#define VERSION "0.1"
#define STDC_HEADERS 1
#define HAVE_SYS_TYPES_H 1
#define HAVE_SYS_STAT_H 1
#define HAVE_STDLIB_H 1
#define HAVE_STRING_H 1
#define HAVE_MEMORY_H 1
#define HAVE_STRINGS_H 1
#define HAVE_INTTYPES_H 1
#define HAVE_STDINT_H 1
#define HAVE_UNISTD_H 1
#define HAVE_DLFCN_H 1
#define LT_OBJDIR ".libs/"
#define HAVE_FCNTL_H 1
#define HAVE_NETINET_IN_H 1
#define HAVE_STDINT_H 1
#define HAVE_STDLIB_H 1
#define HAVE_STRING_H 1
#define HAVE_SYS_SOCKET_H 1
#define HAVE_SYS_TIME_H 1
#define HAVE_UNISTD_H 1

configure: exit 0

## ---------------------- ##
## Running config.status. ##
## ---------------------- ##

This file was extended by qmi-sdk config.status 0.1, which was
generated by GNU Autoconf 2.69.  Invocation command line was

  CONFIG_FILES    = 
  CONFIG_HEADERS  = 
  CONFIG_LINKS    = 
  CONFIG_COMMANDS = 
  $ ./config.status 

on qiao-CN15S

config.status:1012: creating Makefile
config.status:1012: creating sources/Makefile
config.status:1012: creating sources/utils/Makefile
config.status:1012: creating sources/dms/Makefile
config.status:1012: creating sources/nas/Makefile
config.status:1012: creating sources/uim/Makefile
config.status:1012: creating sources/vs/Makefile
config.status:1012: creating sources/wds/Makefile
config.status:1012: creating sources/demo/Makefile
config.status:1184: executing depfiles commands
config.status:1261: cd sources/utils       && sed -e '/# am--include-marker/d' Makefile         | make -f - am--depfiles
make[1]: Entering directory '/media/qiao/05e68544-248e-4a8b-a33b-a809f2526169/sm4350/svn/qmi_sdk/qmi-sdk-0.4/sources/utils'
make[1]: Nothing to be done for 'am--depfiles'.
make[1]: Leaving directory '/media/qiao/05e68544-248e-4a8b-a33b-a809f2526169/sm4350/svn/qmi_sdk/qmi-sdk-0.4/sources/utils'
config.status:1266: $? = 0
config.status:1261: cd sources/dms       && sed -e '/# am--include-marker/d' Makefile         | make -f - am--depfiles
make[1]: Entering directory '/media/qiao/05e68544-248e-4a8b-a33b-a809f2526169/sm4350/svn/qmi_sdk/qmi-sdk-0.4/sources/dms'
make[1]: Nothing to be done for 'am--depfiles'.
make[1]: Leaving directory '/media/qiao/05e68544-248e-4a8b-a33b-a809f2526169/sm4350/svn/qmi_sdk/qmi-sdk-0.4/sources/dms'
config.status:1266: $? = 0
config.status:1261: cd sources/nas       && sed -e '/# am--include-marker/d' Makefile         | make -f - am--depfiles
make[1]: Entering directory '/media/qiao/05e68544-248e-4a8b-a33b-a809f2526169/sm4350/svn/qmi_sdk/qmi-sdk-0.4/sources/nas'
make[1]: Nothing to be done for 'am--depfiles'.
make[1]: Leaving directory '/media/qiao/05e68544-248e-4a8b-a33b-a809f2526169/sm4350/svn/qmi_sdk/qmi-sdk-0.4/sources/nas'
config.status:1266: $? = 0
config.status:1261: cd sources/uim       && sed -e '/# am--include-marker/d' Makefile         | make -f - am--depfiles
make[1]: Entering directory '/media/qiao/05e68544-248e-4a8b-a33b-a809f2526169/sm4350/svn/qmi_sdk/qmi-sdk-0.4/sources/uim'
make[1]: Nothing to be done for 'am--depfiles'.
make[1]: Leaving directory '/media/qiao/05e68544-248e-4a8b-a33b-a809f2526169/sm4350/svn/qmi_sdk/qmi-sdk-0.4/sources/uim'
config.status:1266: $? = 0
config.status:1261: cd sources/vs       && sed -e '/# am--include-marker/d' Makefile         | make -f - am--depfiles
make[1]: Entering directory '/media/qiao/05e68544-248e-4a8b-a33b-a809f2526169/sm4350/svn/qmi_sdk/qmi-sdk-0.4/sources/vs'
make[1]: Nothing to be done for 'am--depfiles'.
make[1]: Leaving directory '/media/qiao/05e68544-248e-4a8b-a33b-a809f2526169/sm4350/svn/qmi_sdk/qmi-sdk-0.4/sources/vs'
config.status:1266: $? = 0
config.status:1261: cd sources/wds       && sed -e '/# am--include-marker/d' Makefile         | make -f - am--depfiles
make[1]: Entering directory '/media/qiao/05e68544-248e-4a8b-a33b-a809f2526169/sm4350/svn/qmi_sdk/qmi-sdk-0.4/sources/wds'
make[1]: Nothing to be done for 'am--depfiles'.
make[1]: Leaving directory '/media/qiao/05e68544-248e-4a8b-a33b-a809f2526169/sm4350/svn/qmi_sdk/qmi-sdk-0.4/sources/wds'
config.status:1266: $? = 0
config.status:1261: cd sources/demo       && sed -e '/# am--include-marker/d' Makefile         | make -f - am--depfiles
make[1]: Entering directory '/media/qiao/05e68544-248e-4a8b-a33b-a809f2526169/sm4350/svn/qmi_sdk/qmi-sdk-0.4/sources/demo'
make[1]: Nothing to be done for 'am--depfiles'.
make[1]: Leaving directory '/media/qiao/05e68544-248e-4a8b-a33b-a809f2526169/sm4350/svn/qmi_sdk/qmi-sdk-0.4/sources/demo'
config.status:1266: $? = 0
config.status:1184: executing libtool commands
